{"name": "Регистрация нового пользователя в магазине опенкарта", "status": "broken", "statusDetails": {"message": "selenium.common.exceptions.MoveTargetOutOfBoundsException: Message: (566, 638) is out of bounds of viewport width (1280) and height (610)\nStacktrace:\nRemoteError@chrome://remote/content/shared/RemoteError.sys.mjs:8:8\nWebDriverError@chrome://remote/content/shared/webdriver/Errors.sys.mjs:182:5\nMoveTargetOutOfBoundsError@chrome://remote/content/shared/webdriver/Errors.sys.mjs:372:5\nassertInViewPort@chrome://remote/content/marionette/action.sys.mjs:2113:11\ndispatch@chrome://remote/content/marionette/action.sys.mjs:1011:21\ndispatch/pendingEvents<@chrome://remote/content/marionette/action.sys.mjs:1827:14\ndispatch@chrome://remote/content/marionette/action.sys.mjs:1826:39\ndispatch/chainEvents<@chrome://remote/content/marionette/action.sys.mjs:1753:27\ndispatch@chrome://remote/content/marionette/action.sys.mjs:1755:7\nperformActions@chrome://remote/content/marionette/actors/MarionetteCommandsChild.sys.mjs:472:23\nreceiveMessage@chrome://remote/content/marionette/actors/MarionetteCommandsChild.sys.mjs:139:31", "trace": "browser = <selenium.webdriver.remote.webdriver.WebDriver (session=\"d4380e72-0a63-47ac-ab97-fb17417f0cb3\")>\n\n    @allure.severity(severity_level=Severity.BLOCKER)\n    @allure.feature('Регистрация нового пользователя')\n    @allure.title('Регистрация нового пользователя в магазине опенкарта')\n    def test_new_user_register(browser):\n        page = AccountRegisterPage(browser)\n        page.open_page(browser)\n>       page.firstname_fill(\"Ivan\") \\\n            .lastname_fill(\"Petrov\") \\\n            .email_fill(\"123@ya.ru\") \\\n            .telephone_fill(\"12345678\") \\\n            .password_fill(\"Qwe12345\") \\\n            .password_confirm_fill(\"Qwe12345\") \\\n            .checkbox_agree_click() \\\n            .continue_button_click()\n\ntests/test_account_register_page.py:14: \n_ _ _ _ _ _ _ _ _ _ _ _ _ _ _ _ _ _ _ _ _ _ _ _ _ _ _ _ _ _ _ _ _ _ _ _ _ _ _ _ \npage_objects/AccountRegisterPage.py:52: in password_fill\n    self._input(self.element(self.INPUT_PASSWORD), password)\npage_objects/BasePage.py:40: in _input\n    self.click(element)\npage_objects/BasePage.py:35: in click\n    ActionChains(self.driver).move_to_element(element).pause(0.1).click().perform()\n../../../opt/anaconda3/lib/python3.9/site-packages/selenium/webdriver/common/action_chains.py:78: in perform\n    self.w3c_actions.perform()\n../../../opt/anaconda3/lib/python3.9/site-packages/selenium/webdriver/common/actions/action_builder.py:91: in perform\n    self.driver.execute(Command.W3C_ACTIONS, enc)\n../../../opt/anaconda3/lib/python3.9/site-packages/selenium/webdriver/remote/webdriver.py:444: in execute\n    self.error_handler.check_response(response)\n_ _ _ _ _ _ _ _ _ _ _ _ _ _ _ _ _ _ _ _ _ _ _ _ _ _ _ _ _ _ _ _ _ _ _ _ _ _ _ _ \n\nself = <selenium.webdriver.remote.errorhandler.ErrorHandler object at 0x7fa211352640>\nresponse = {'status': 500, 'value': '{\"value\":{\"error\":\"move target out of bounds\",\"message\":\"(566, 638) is out of bounds of view...ys.mjs:472:23\\\\nreceiveMessage@chrome://remote/content/marionette/actors/MarionetteCommandsChild.sys.mjs:139:31\\\\n\"}}'}\n\n    def check_response(self, response: Dict[str, Any]) -> None:\n        \"\"\"\n        Checks that a JSON response from the WebDriver does not have an error.\n    \n        :Args:\n         - response - The JSON response from the WebDriver server as a dictionary\n           object.\n    \n        :Raises: If the response contains an error message.\n        \"\"\"\n        status = response.get(\"status\", None)\n        if not status or status == ErrorCode.SUCCESS:\n            return\n        value = None\n        message = response.get(\"message\", \"\")\n        screen: str = response.get(\"screen\", \"\")\n        stacktrace = None\n        if isinstance(status, int):\n            value_json = response.get(\"value\", None)\n            if value_json and isinstance(value_json, str):\n                import json\n    \n                try:\n                    value = json.loads(value_json)\n                    if len(value.keys()) == 1:\n                        value = value[\"value\"]\n                    status = value.get(\"error\", None)\n                    if not status:\n                        status = value.get(\"status\", ErrorCode.UNKNOWN_ERROR)\n                        message = value.get(\"value\") or value.get(\"message\")\n                        if not isinstance(message, str):\n                            value = message\n                            message = message.get(\"message\")\n                    else:\n                        message = value.get(\"message\", None)\n                except ValueError:\n                    pass\n    \n        exception_class: Type[WebDriverException]\n        if status in ErrorCode.NO_SUCH_ELEMENT:\n            exception_class = NoSuchElementException\n        elif status in ErrorCode.NO_SUCH_FRAME:\n            exception_class = NoSuchFrameException\n        elif status in ErrorCode.NO_SUCH_SHADOW_ROOT:\n            exception_class = NoSuchShadowRootException\n        elif status in ErrorCode.NO_SUCH_WINDOW:\n            exception_class = NoSuchWindowException\n        elif status in ErrorCode.STALE_ELEMENT_REFERENCE:\n            exception_class = StaleElementReferenceException\n        elif status in ErrorCode.ELEMENT_NOT_VISIBLE:\n            exception_class = ElementNotVisibleException\n        elif status in ErrorCode.INVALID_ELEMENT_STATE:\n            exception_class = InvalidElementStateException\n        elif (\n            status in ErrorCode.INVALID_SELECTOR\n            or status in ErrorCode.INVALID_XPATH_SELECTOR\n            or status in ErrorCode.INVALID_XPATH_SELECTOR_RETURN_TYPER\n        ):\n            exception_class = InvalidSelectorException\n        elif status in ErrorCode.ELEMENT_IS_NOT_SELECTABLE:\n            exception_class = ElementNotSelectableException\n        elif status in ErrorCode.ELEMENT_NOT_INTERACTABLE:\n            exception_class = ElementNotInteractableException\n        elif status in ErrorCode.INVALID_COOKIE_DOMAIN:\n            exception_class = InvalidCookieDomainException\n        elif status in ErrorCode.UNABLE_TO_SET_COOKIE:\n            exception_class = UnableToSetCookieException\n        elif status in ErrorCode.TIMEOUT:\n            exception_class = TimeoutException\n        elif status in ErrorCode.SCRIPT_TIMEOUT:\n            exception_class = TimeoutException\n        elif status in ErrorCode.UNKNOWN_ERROR:\n            exception_class = WebDriverException\n        elif status in ErrorCode.UNEXPECTED_ALERT_OPEN:\n            exception_class = UnexpectedAlertPresentException\n        elif status in ErrorCode.NO_ALERT_OPEN:\n            exception_class = NoAlertPresentException\n        elif status in ErrorCode.IME_NOT_AVAILABLE:\n            exception_class = ImeNotAvailableException\n        elif status in ErrorCode.IME_ENGINE_ACTIVATION_FAILED:\n            exception_class = ImeActivationFailedException\n        elif status in ErrorCode.MOVE_TARGET_OUT_OF_BOUNDS:\n            exception_class = MoveTargetOutOfBoundsException\n        elif status in ErrorCode.JAVASCRIPT_ERROR:\n            exception_class = JavascriptException\n        elif status in ErrorCode.SESSION_NOT_CREATED:\n            exception_class = SessionNotCreatedException\n        elif status in ErrorCode.INVALID_ARGUMENT:\n            exception_class = InvalidArgumentException\n        elif status in ErrorCode.NO_SUCH_COOKIE:\n            exception_class = NoSuchCookieException\n        elif status in ErrorCode.UNABLE_TO_CAPTURE_SCREEN:\n            exception_class = ScreenshotException\n        elif status in ErrorCode.ELEMENT_CLICK_INTERCEPTED:\n            exception_class = ElementClickInterceptedException\n        elif status in ErrorCode.INSECURE_CERTIFICATE:\n            exception_class = InsecureCertificateException\n        elif status in ErrorCode.INVALID_COORDINATES:\n            exception_class = InvalidCoordinatesException\n        elif status in ErrorCode.INVALID_SESSION_ID:\n            exception_class = InvalidSessionIdException\n        elif status in ErrorCode.UNKNOWN_METHOD:\n            exception_class = UnknownMethodException\n        else:\n            exception_class = WebDriverException\n        if not value:\n            value = response[\"value\"]\n        if isinstance(value, str):\n            raise exception_class(value)\n        if message == \"\" and \"message\" in value:\n            message = value[\"message\"]\n    \n        screen = None  # type: ignore[assignment]\n        if \"screen\" in value:\n            screen = value[\"screen\"]\n    \n        stacktrace = None\n        st_value = value.get(\"stackTrace\") or value.get(\"stacktrace\")\n        if st_value:\n            if isinstance(st_value, str):\n                stacktrace = st_value.split(\"\\n\")\n            else:\n                stacktrace = []\n                try:\n                    for frame in st_value:\n                        line = frame.get(\"lineNumber\", \"\")\n                        file = frame.get(\"fileName\", \"<anonymous>\")\n                        if line:\n                            file = f\"{file}:{line}\"\n                        meth = frame.get(\"methodName\", \"<anonymous>\")\n                        if \"className\" in frame:\n                            meth = \"{}.{}\".format(frame[\"className\"], meth)\n                        msg = \"    at %s (%s)\"\n                        msg = msg % (meth, file)\n                        stacktrace.append(msg)\n                except TypeError:\n                    pass\n        if exception_class == UnexpectedAlertPresentException:\n            alert_text = None\n            if \"data\" in value:\n                alert_text = value[\"data\"].get(\"text\")\n            elif \"alert\" in value:\n                alert_text = value[\"alert\"].get(\"text\")\n            raise exception_class(message, screen, stacktrace, alert_text)  # type: ignore[call-arg]  # mypy is not smart enough here\n>       raise exception_class(message, screen, stacktrace)\nE       selenium.common.exceptions.MoveTargetOutOfBoundsException: Message: (566, 638) is out of bounds of viewport width (1280) and height (610)\nE       Stacktrace:\nE       RemoteError@chrome://remote/content/shared/RemoteError.sys.mjs:8:8\nE       WebDriverError@chrome://remote/content/shared/webdriver/Errors.sys.mjs:182:5\nE       MoveTargetOutOfBoundsError@chrome://remote/content/shared/webdriver/Errors.sys.mjs:372:5\nE       assertInViewPort@chrome://remote/content/marionette/action.sys.mjs:2113:11\nE       dispatch@chrome://remote/content/marionette/action.sys.mjs:1011:21\nE       dispatch/pendingEvents<@chrome://remote/content/marionette/action.sys.mjs:1827:14\nE       dispatch@chrome://remote/content/marionette/action.sys.mjs:1826:39\nE       dispatch/chainEvents<@chrome://remote/content/marionette/action.sys.mjs:1753:27\nE       dispatch@chrome://remote/content/marionette/action.sys.mjs:1755:7\nE       performActions@chrome://remote/content/marionette/actors/MarionetteCommandsChild.sys.mjs:472:23\nE       receiveMessage@chrome://remote/content/marionette/actors/MarionetteCommandsChild.sys.mjs:139:31\n\n../../../opt/anaconda3/lib/python3.9/site-packages/selenium/webdriver/remote/errorhandler.py:249: MoveTargetOutOfBoundsException"}, "steps": [{"name": "Открываю страницу", "status": "passed", "parameters": [{"name": "browser", "value": "<selenium.webdriver.remote.webdriver.WebDriver (session=\"d4380e72-0a63-47ac-ab97-fb17417f0cb3\")>"}], "start": 1677581584052, "stop": 1677581586438}, {"name": "Заполняю поле First Name значением 'Ivan'", "status": "passed", "steps": [{"name": "Жду элемент ('css selector', '#input-firstname')", "status": "passed", "parameters": [{"name": "locator", "value": "('css selector', '#input-firstname')"}], "start": 1677581586439, "stop": 1677581586732}, {"name": "Ввожу 'Ivan' в элемент <selenium.webdriver.remote.webelement.WebElement (session=\"d4380e72-0a63-47ac-ab97-fb17417f0cb3\", element=\"4deed327-16b1-4049-bb2c-90e99bab8ef4\")>", "status": "passed", "steps": [{"name": "Кликаю по элементу <selenium.webdriver.remote.webelement.WebElement (session=\"d4380e72-0a63-47ac-ab97-fb17417f0cb3\", element=\"4deed327-16b1-4049-bb2c-90e99bab8ef4\")>", "status": "passed", "parameters": [{"name": "element", "value": "<selenium.webdriver.remote.webelement.WebElement (session=\"d4380e72-0a63-47ac-ab97-fb17417f0cb3\", element=\"4deed327-16b1-4049-bb2c-90e99bab8ef4\")>"}], "start": 1677581586733, "stop": 1677581587344}], "parameters": [{"name": "element", "value": "<selenium.webdriver.remote.webelement.WebElement (session=\"d4380e72-0a63-47ac-ab97-fb17417f0cb3\", element=\"4deed327-16b1-4049-bb2c-90e99bab8ef4\")>"}, {"name": "value", "value": "'Ivan'"}], "start": 1677581586733, "stop": 1677581587464}], "parameters": [{"name": "firstname", "value": "'Ivan'"}], "start": 1677581586439, "stop": 1677581587464}, {"name": "Заполняю поле Last Name значением 'Petrov'", "status": "passed", "steps": [{"name": "Жду элемент ('css selector', '#input-lastname')", "status": "passed", "parameters": [{"name": "locator", "value": "('css selector', '#input-lastname')"}], "start": 1677581587465, "stop": 1677581587583}, {"name": "Ввожу 'Petrov' в элемент <selenium.webdriver.remote.webelement.WebElement (session=\"d4380e72-0a63-47ac-ab97-fb17417f0cb3\", element=\"cf107e90-85fe-44ab-a484-c65214b9b3c6\")>", "status": "passed", "steps": [{"name": "Кликаю по элементу <selenium.webdriver.remote.webelement.WebElement (session=\"d4380e72-0a63-47ac-ab97-fb17417f0cb3\", element=\"cf107e90-85fe-44ab-a484-c65214b9b3c6\")>", "status": "passed", "parameters": [{"name": "element", "value": "<selenium.webdriver.remote.webelement.WebElement (session=\"d4380e72-0a63-47ac-ab97-fb17417f0cb3\", element=\"cf107e90-85fe-44ab-a484-c65214b9b3c6\")>"}], "start": 1677581587583, "stop": 1677581588087}], "parameters": [{"name": "element", "value": "<selenium.webdriver.remote.webelement.WebElement (session=\"d4380e72-0a63-47ac-ab97-fb17417f0cb3\", element=\"cf107e90-85fe-44ab-a484-c65214b9b3c6\")>"}, {"name": "value", "value": "'Petrov'"}], "start": 1677581587583, "stop": 1677581588180}], "parameters": [{"name": "lastname", "value": "'Petrov'"}], "start": 1677581587465, "stop": 1677581588180}, {"name": "Заполняю поле E-Mail значением '123@ya.ru'", "status": "passed", "steps": [{"name": "Жду элемент ('css selector', '#input-email')", "status": "passed", "parameters": [{"name": "locator", "value": "('css selector', '#input-email')"}], "start": 1677581588181, "stop": 1677581588256}, {"name": "Ввожу '123@ya.ru' в элемент <selenium.webdriver.remote.webelement.WebElement (session=\"d4380e72-0a63-47ac-ab97-fb17417f0cb3\", element=\"a0888141-1c8d-4a6e-9ed5-61549b77ba8b\")>", "status": "passed", "steps": [{"name": "Кликаю по элементу <selenium.webdriver.remote.webelement.WebElement (session=\"d4380e72-0a63-47ac-ab97-fb17417f0cb3\", element=\"a0888141-1c8d-4a6e-9ed5-61549b77ba8b\")>", "status": "passed", "parameters": [{"name": "element", "value": "<selenium.webdriver.remote.webelement.WebElement (session=\"d4380e72-0a63-47ac-ab97-fb17417f0cb3\", element=\"a0888141-1c8d-4a6e-9ed5-61549b77ba8b\")>"}], "start": 1677581588257, "stop": 1677581588710}], "parameters": [{"name": "element", "value": "<selenium.webdriver.remote.webelement.WebElement (session=\"d4380e72-0a63-47ac-ab97-fb17417f0cb3\", element=\"a0888141-1c8d-4a6e-9ed5-61549b77ba8b\")>"}, {"name": "value", "value": "'123@ya.ru'"}], "start": 1677581588256, "stop": 1677581588810}], "parameters": [{"name": "email", "value": "'123@ya.ru'"}], "start": 1677581588180, "stop": 1677581588811}, {"name": "Заполняю поле Telephone значением '12345678'", "status": "passed", "steps": [{"name": "Жду элемент ('css selector', '#input-telephone')", "status": "passed", "parameters": [{"name": "locator", "value": "('css selector', '#input-telephone')"}], "start": 1677581588811, "stop": 1677581588897}, {"name": "Ввожу '12345678' в элемент <selenium.webdriver.remote.webelement.WebElement (session=\"d4380e72-0a63-47ac-ab97-fb17417f0cb3\", element=\"103405cb-5d21-460d-9df8-c12c2fbe403f\")>", "status": "passed", "steps": [{"name": "Кликаю по элементу <selenium.webdriver.remote.webelement.WebElement (session=\"d4380e72-0a63-47ac-ab97-fb17417f0cb3\", element=\"103405cb-5d21-460d-9df8-c12c2fbe403f\")>", "status": "passed", "parameters": [{"name": "element", "value": "<selenium.webdriver.remote.webelement.WebElement (session=\"d4380e72-0a63-47ac-ab97-fb17417f0cb3\", element=\"103405cb-5d21-460d-9df8-c12c2fbe403f\")>"}], "start": 1677581588898, "stop": 1677581589392}], "parameters": [{"name": "element", "value": "<selenium.webdriver.remote.webelement.WebElement (session=\"d4380e72-0a63-47ac-ab97-fb17417f0cb3\", element=\"103405cb-5d21-460d-9df8-c12c2fbe403f\")>"}, {"name": "value", "value": "'12345678'"}], "start": 1677581588897, "stop": 1677581589514}], "parameters": [{"name": "telephone", "value": "'12345678'"}], "start": 1677581588811, "stop": 1677581589514}, {"name": "Заполняю поле Password значением 'Qwe12345'", "status": "broken", "statusDetails": {"message": "selenium.common.exceptions.MoveTargetOutOfBoundsException: Message: (566, 638) is out of bounds of viewport width (1280) and height (610)\nStacktrace:\nRemoteError@chrome://remote/content/shared/RemoteError.sys.mjs:8:8\nWebDriverError@chrome://remote/content/shared/webdriver/Errors.sys.mjs:182:5\nMoveTargetOutOfBoundsError@chrome://remote/content/shared/webdriver/Errors.sys.mjs:372:5\nassertInViewPort@chrome://remote/content/marionette/action.sys.mjs:2113:11\ndispatch@chrome://remote/content/marionette/action.sys.mjs:1011:21\ndispatch/pendingEvents<@chrome://remote/content/marionette/action.sys.mjs:1827:14\ndispatch@chrome://remote/content/marionette/action.sys.mjs:1826:39\ndispatch/chainEvents<@chrome://remote/content/marionette/action.sys.mjs:1753:27\ndispatch@chrome://remote/content/marionette/action.sys.mjs:1755:7\nperformActions@chrome://remote/content/marionette/actors/MarionetteCommandsChild.sys.mjs:472:23\nreceiveMessage@chrome://remote/content/marionette/actors/MarionetteCommandsChild.sys.mjs:139:31\n\n", "trace": "  File \"/Users/user/opt/anaconda3/lib/python3.9/site-packages/allure_commons/_allure.py\", line 192, in impl\n    return func(*a, **kw)\n  File \"/Users/user/Documents/auto-web-qa/homework12/page_objects/AccountRegisterPage.py\", line 52, in password_fill\n    self._input(self.element(self.INPUT_PASSWORD), password)\n  File \"/Users/user/opt/anaconda3/lib/python3.9/site-packages/allure_commons/_allure.py\", line 192, in impl\n    return func(*a, **kw)\n  File \"/Users/user/Documents/auto-web-qa/homework12/page_objects/BasePage.py\", line 40, in _input\n    self.click(element)\n  File \"/Users/user/opt/anaconda3/lib/python3.9/site-packages/allure_commons/_allure.py\", line 192, in impl\n    return func(*a, **kw)\n  File \"/Users/user/Documents/auto-web-qa/homework12/page_objects/BasePage.py\", line 35, in click\n    ActionChains(self.driver).move_to_element(element).pause(0.1).click().perform()\n  File \"/Users/user/opt/anaconda3/lib/python3.9/site-packages/selenium/webdriver/common/action_chains.py\", line 78, in perform\n    self.w3c_actions.perform()\n  File \"/Users/user/opt/anaconda3/lib/python3.9/site-packages/selenium/webdriver/common/actions/action_builder.py\", line 91, in perform\n    self.driver.execute(Command.W3C_ACTIONS, enc)\n  File \"/Users/user/opt/anaconda3/lib/python3.9/site-packages/selenium/webdriver/remote/webdriver.py\", line 444, in execute\n    self.error_handler.check_response(response)\n  File \"/Users/user/opt/anaconda3/lib/python3.9/site-packages/selenium/webdriver/remote/errorhandler.py\", line 249, in check_response\n    raise exception_class(message, screen, stacktrace)\n"}, "steps": [{"name": "Жду элемент ('css selector', '#input-password')", "status": "passed", "parameters": [{"name": "locator", "value": "('css selector', '#input-password')"}], "start": 1677581589514, "stop": 1677581589587}, {"name": "Ввожу 'Qwe12345' в элемент <selenium.webdriver.remote.webelement.WebElement (session=\"d4380e72-0a63-47ac-ab97-fb17417f0cb3\", element=\"17fbc8cd-be0e-4575-877f-4553eb3c8fa7\")>", "status": "broken", "statusDetails": {"message": "selenium.common.exceptions.MoveTargetOutOfBoundsException: Message: (566, 638) is out of bounds of viewport width (1280) and height (610)\nStacktrace:\nRemoteError@chrome://remote/content/shared/RemoteError.sys.mjs:8:8\nWebDriverError@chrome://remote/content/shared/webdriver/Errors.sys.mjs:182:5\nMoveTargetOutOfBoundsError@chrome://remote/content/shared/webdriver/Errors.sys.mjs:372:5\nassertInViewPort@chrome://remote/content/marionette/action.sys.mjs:2113:11\ndispatch@chrome://remote/content/marionette/action.sys.mjs:1011:21\ndispatch/pendingEvents<@chrome://remote/content/marionette/action.sys.mjs:1827:14\ndispatch@chrome://remote/content/marionette/action.sys.mjs:1826:39\ndispatch/chainEvents<@chrome://remote/content/marionette/action.sys.mjs:1753:27\ndispatch@chrome://remote/content/marionette/action.sys.mjs:1755:7\nperformActions@chrome://remote/content/marionette/actors/MarionetteCommandsChild.sys.mjs:472:23\nreceiveMessage@chrome://remote/content/marionette/actors/MarionetteCommandsChild.sys.mjs:139:31\n\n", "trace": "  File \"/Users/user/opt/anaconda3/lib/python3.9/site-packages/allure_commons/_allure.py\", line 192, in impl\n    return func(*a, **kw)\n  File \"/Users/user/Documents/auto-web-qa/homework12/page_objects/BasePage.py\", line 40, in _input\n    self.click(element)\n  File \"/Users/user/opt/anaconda3/lib/python3.9/site-packages/allure_commons/_allure.py\", line 192, in impl\n    return func(*a, **kw)\n  File \"/Users/user/Documents/auto-web-qa/homework12/page_objects/BasePage.py\", line 35, in click\n    ActionChains(self.driver).move_to_element(element).pause(0.1).click().perform()\n  File \"/Users/user/opt/anaconda3/lib/python3.9/site-packages/selenium/webdriver/common/action_chains.py\", line 78, in perform\n    self.w3c_actions.perform()\n  File \"/Users/user/opt/anaconda3/lib/python3.9/site-packages/selenium/webdriver/common/actions/action_builder.py\", line 91, in perform\n    self.driver.execute(Command.W3C_ACTIONS, enc)\n  File \"/Users/user/opt/anaconda3/lib/python3.9/site-packages/selenium/webdriver/remote/webdriver.py\", line 444, in execute\n    self.error_handler.check_response(response)\n  File \"/Users/user/opt/anaconda3/lib/python3.9/site-packages/selenium/webdriver/remote/errorhandler.py\", line 249, in check_response\n    raise exception_class(message, screen, stacktrace)\n"}, "steps": [{"name": "Кликаю по элементу <selenium.webdriver.remote.webelement.WebElement (session=\"d4380e72-0a63-47ac-ab97-fb17417f0cb3\", element=\"17fbc8cd-be0e-4575-877f-4553eb3c8fa7\")>", "status": "broken", "statusDetails": {"message": "selenium.common.exceptions.MoveTargetOutOfBoundsException: Message: (566, 638) is out of bounds of viewport width (1280) and height (610)\nStacktrace:\nRemoteError@chrome://remote/content/shared/RemoteError.sys.mjs:8:8\nWebDriverError@chrome://remote/content/shared/webdriver/Errors.sys.mjs:182:5\nMoveTargetOutOfBoundsError@chrome://remote/content/shared/webdriver/Errors.sys.mjs:372:5\nassertInViewPort@chrome://remote/content/marionette/action.sys.mjs:2113:11\ndispatch@chrome://remote/content/marionette/action.sys.mjs:1011:21\ndispatch/pendingEvents<@chrome://remote/content/marionette/action.sys.mjs:1827:14\ndispatch@chrome://remote/content/marionette/action.sys.mjs:1826:39\ndispatch/chainEvents<@chrome://remote/content/marionette/action.sys.mjs:1753:27\ndispatch@chrome://remote/content/marionette/action.sys.mjs:1755:7\nperformActions@chrome://remote/content/marionette/actors/MarionetteCommandsChild.sys.mjs:472:23\nreceiveMessage@chrome://remote/content/marionette/actors/MarionetteCommandsChild.sys.mjs:139:31\n\n", "trace": "  File \"/Users/user/opt/anaconda3/lib/python3.9/site-packages/allure_commons/_allure.py\", line 192, in impl\n    return func(*a, **kw)\n  File \"/Users/user/Documents/auto-web-qa/homework12/page_objects/BasePage.py\", line 35, in click\n    ActionChains(self.driver).move_to_element(element).pause(0.1).click().perform()\n  File \"/Users/user/opt/anaconda3/lib/python3.9/site-packages/selenium/webdriver/common/action_chains.py\", line 78, in perform\n    self.w3c_actions.perform()\n  File \"/Users/user/opt/anaconda3/lib/python3.9/site-packages/selenium/webdriver/common/actions/action_builder.py\", line 91, in perform\n    self.driver.execute(Command.W3C_ACTIONS, enc)\n  File \"/Users/user/opt/anaconda3/lib/python3.9/site-packages/selenium/webdriver/remote/webdriver.py\", line 444, in execute\n    self.error_handler.check_response(response)\n  File \"/Users/user/opt/anaconda3/lib/python3.9/site-packages/selenium/webdriver/remote/errorhandler.py\", line 249, in check_response\n    raise exception_class(message, screen, stacktrace)\n"}, "parameters": [{"name": "element", "value": "<selenium.webdriver.remote.webelement.WebElement (session=\"d4380e72-0a63-47ac-ab97-fb17417f0cb3\", element=\"17fbc8cd-be0e-4575-877f-4553eb3c8fa7\")>"}], "start": 1677581589588, "stop": 1677581589629}], "parameters": [{"name": "element", "value": "<selenium.webdriver.remote.webelement.WebElement (session=\"d4380e72-0a63-47ac-ab97-fb17417f0cb3\", element=\"17fbc8cd-be0e-4575-877f-4553eb3c8fa7\")>"}, {"name": "value", "value": "'Qwe12345'"}], "start": 1677581589587, "stop": 1677581589633}], "parameters": [{"name": "password", "value": "'Qwe12345'"}], "start": 1677581589514, "stop": 1677581589634}], "attachments": [{"name": "log", "source": "e659ae79-75fc-4054-842b-5530e9a2c11b-attachment.txt", "type": "text/plain"}], "start": 1677581584051, "stop": 1677581589635, "uuid": "f01caaa3-b1ea-4de5-983a-7246559776ac", "historyId": "a22d8cc351e59d486844091b85f45b14", "testCaseId": "a1e7769a1ec6c1a0aeaee5c504054b24", "fullName": "tests.test_account_register_page#test_new_user_register", "labels": [{"name": "feature", "value": "Регистрация нового пользователя"}, {"name": "severity", "value": "blocker"}, {"name": "parentSuite", "value": "tests"}, {"name": "suite", "value": "test_account_register_page"}, {"name": "host", "value": "users-MacBook-Air.local"}, {"name": "thread", "value": "4194-MainThread"}, {"name": "framework", "value": "pytest"}, {"name": "language", "value": "cpython3"}, {"name": "package", "value": "tests.test_account_register_page"}]}