{"name": "Добавление нового товара в разделе администратора", "status": "broken", "statusDetails": {"message": "selenium.common.exceptions.MoveTargetOutOfBoundsException: Message: (841, 722) is out of bounds of viewport width (1280) and height (610)\nStacktrace:\nRemoteError@chrome://remote/content/shared/RemoteError.sys.mjs:8:8\nWebDriverError@chrome://remote/content/shared/webdriver/Errors.sys.mjs:182:5\nMoveTargetOutOfBoundsError@chrome://remote/content/shared/webdriver/Errors.sys.mjs:372:5\nassertInViewPort@chrome://remote/content/marionette/action.sys.mjs:2113:11\ndispatch@chrome://remote/content/marionette/action.sys.mjs:1011:21\ndispatch/pendingEvents<@chrome://remote/content/marionette/action.sys.mjs:1827:14\ndispatch@chrome://remote/content/marionette/action.sys.mjs:1826:39\ndispatch/chainEvents<@chrome://remote/content/marionette/action.sys.mjs:1753:27\ndispatch@chrome://remote/content/marionette/action.sys.mjs:1755:7\nperformActions@chrome://remote/content/marionette/actors/MarionetteCommandsChild.sys.mjs:472:23\nreceiveMessage@chrome://remote/content/marionette/actors/MarionetteCommandsChild.sys.mjs:139:31", "trace": "browser = <selenium.webdriver.remote.webdriver.WebDriver (session=\"2a3fed31-5109-4d62-b635-abfb2e3ba5f5\")>\n\n    @allure.severity(severity_level=Severity.NORMAL)\n    @allure.feature('Действия на странице администратора')\n    @allure.title('Добавление нового товара в разделе администратора')\n    def test_add_new_product(browser):\n        page = AdminPage(browser)\n        page.open_page(browser)\n        page.admin_page_login()\n        page.open_add_product_section()\n>       page.add_new_product()\n\ntests/test_admin_page.py:25: \n_ _ _ _ _ _ _ _ _ _ _ _ _ _ _ _ _ _ _ _ _ _ _ _ _ _ _ _ _ _ _ _ _ _ _ _ _ _ _ _ \npage_objects/AdminPage.py:92: in add_new_product\n    self.meta_tag_title_fill(\"123\")\npage_objects/AdminPage.py:70: in meta_tag_title_fill\n    self._input(self.element(self.META_TAG_TITLE), meta_tag_title)\npage_objects/BasePage.py:40: in _input\n    self.click(element)\npage_objects/BasePage.py:35: in click\n    ActionChains(self.driver).move_to_element(element).pause(0.1).click().perform()\n../../../opt/anaconda3/lib/python3.9/site-packages/selenium/webdriver/common/action_chains.py:78: in perform\n    self.w3c_actions.perform()\n../../../opt/anaconda3/lib/python3.9/site-packages/selenium/webdriver/common/actions/action_builder.py:91: in perform\n    self.driver.execute(Command.W3C_ACTIONS, enc)\n../../../opt/anaconda3/lib/python3.9/site-packages/selenium/webdriver/remote/webdriver.py:444: in execute\n    self.error_handler.check_response(response)\n_ _ _ _ _ _ _ _ _ _ _ _ _ _ _ _ _ _ _ _ _ _ _ _ _ _ _ _ _ _ _ _ _ _ _ _ _ _ _ _ \n\nself = <selenium.webdriver.remote.errorhandler.ErrorHandler object at 0x7fa211380df0>\nresponse = {'status': 500, 'value': '{\"value\":{\"error\":\"move target out of bounds\",\"message\":\"(841, 722) is out of bounds of view...ys.mjs:472:23\\\\nreceiveMessage@chrome://remote/content/marionette/actors/MarionetteCommandsChild.sys.mjs:139:31\\\\n\"}}'}\n\n    def check_response(self, response: Dict[str, Any]) -> None:\n        \"\"\"\n        Checks that a JSON response from the WebDriver does not have an error.\n    \n        :Args:\n         - response - The JSON response from the WebDriver server as a dictionary\n           object.\n    \n        :Raises: If the response contains an error message.\n        \"\"\"\n        status = response.get(\"status\", None)\n        if not status or status == ErrorCode.SUCCESS:\n            return\n        value = None\n        message = response.get(\"message\", \"\")\n        screen: str = response.get(\"screen\", \"\")\n        stacktrace = None\n        if isinstance(status, int):\n            value_json = response.get(\"value\", None)\n            if value_json and isinstance(value_json, str):\n                import json\n    \n                try:\n                    value = json.loads(value_json)\n                    if len(value.keys()) == 1:\n                        value = value[\"value\"]\n                    status = value.get(\"error\", None)\n                    if not status:\n                        status = value.get(\"status\", ErrorCode.UNKNOWN_ERROR)\n                        message = value.get(\"value\") or value.get(\"message\")\n                        if not isinstance(message, str):\n                            value = message\n                            message = message.get(\"message\")\n                    else:\n                        message = value.get(\"message\", None)\n                except ValueError:\n                    pass\n    \n        exception_class: Type[WebDriverException]\n        if status in ErrorCode.NO_SUCH_ELEMENT:\n            exception_class = NoSuchElementException\n        elif status in ErrorCode.NO_SUCH_FRAME:\n            exception_class = NoSuchFrameException\n        elif status in ErrorCode.NO_SUCH_SHADOW_ROOT:\n            exception_class = NoSuchShadowRootException\n        elif status in ErrorCode.NO_SUCH_WINDOW:\n            exception_class = NoSuchWindowException\n        elif status in ErrorCode.STALE_ELEMENT_REFERENCE:\n            exception_class = StaleElementReferenceException\n        elif status in ErrorCode.ELEMENT_NOT_VISIBLE:\n            exception_class = ElementNotVisibleException\n        elif status in ErrorCode.INVALID_ELEMENT_STATE:\n            exception_class = InvalidElementStateException\n        elif (\n            status in ErrorCode.INVALID_SELECTOR\n            or status in ErrorCode.INVALID_XPATH_SELECTOR\n            or status in ErrorCode.INVALID_XPATH_SELECTOR_RETURN_TYPER\n        ):\n            exception_class = InvalidSelectorException\n        elif status in ErrorCode.ELEMENT_IS_NOT_SELECTABLE:\n            exception_class = ElementNotSelectableException\n        elif status in ErrorCode.ELEMENT_NOT_INTERACTABLE:\n            exception_class = ElementNotInteractableException\n        elif status in ErrorCode.INVALID_COOKIE_DOMAIN:\n            exception_class = InvalidCookieDomainException\n        elif status in ErrorCode.UNABLE_TO_SET_COOKIE:\n            exception_class = UnableToSetCookieException\n        elif status in ErrorCode.TIMEOUT:\n            exception_class = TimeoutException\n        elif status in ErrorCode.SCRIPT_TIMEOUT:\n            exception_class = TimeoutException\n        elif status in ErrorCode.UNKNOWN_ERROR:\n            exception_class = WebDriverException\n        elif status in ErrorCode.UNEXPECTED_ALERT_OPEN:\n            exception_class = UnexpectedAlertPresentException\n        elif status in ErrorCode.NO_ALERT_OPEN:\n            exception_class = NoAlertPresentException\n        elif status in ErrorCode.IME_NOT_AVAILABLE:\n            exception_class = ImeNotAvailableException\n        elif status in ErrorCode.IME_ENGINE_ACTIVATION_FAILED:\n            exception_class = ImeActivationFailedException\n        elif status in ErrorCode.MOVE_TARGET_OUT_OF_BOUNDS:\n            exception_class = MoveTargetOutOfBoundsException\n        elif status in ErrorCode.JAVASCRIPT_ERROR:\n            exception_class = JavascriptException\n        elif status in ErrorCode.SESSION_NOT_CREATED:\n            exception_class = SessionNotCreatedException\n        elif status in ErrorCode.INVALID_ARGUMENT:\n            exception_class = InvalidArgumentException\n        elif status in ErrorCode.NO_SUCH_COOKIE:\n            exception_class = NoSuchCookieException\n        elif status in ErrorCode.UNABLE_TO_CAPTURE_SCREEN:\n            exception_class = ScreenshotException\n        elif status in ErrorCode.ELEMENT_CLICK_INTERCEPTED:\n            exception_class = ElementClickInterceptedException\n        elif status in ErrorCode.INSECURE_CERTIFICATE:\n            exception_class = InsecureCertificateException\n        elif status in ErrorCode.INVALID_COORDINATES:\n            exception_class = InvalidCoordinatesException\n        elif status in ErrorCode.INVALID_SESSION_ID:\n            exception_class = InvalidSessionIdException\n        elif status in ErrorCode.UNKNOWN_METHOD:\n            exception_class = UnknownMethodException\n        else:\n            exception_class = WebDriverException\n        if not value:\n            value = response[\"value\"]\n        if isinstance(value, str):\n            raise exception_class(value)\n        if message == \"\" and \"message\" in value:\n            message = value[\"message\"]\n    \n        screen = None  # type: ignore[assignment]\n        if \"screen\" in value:\n            screen = value[\"screen\"]\n    \n        stacktrace = None\n        st_value = value.get(\"stackTrace\") or value.get(\"stacktrace\")\n        if st_value:\n            if isinstance(st_value, str):\n                stacktrace = st_value.split(\"\\n\")\n            else:\n                stacktrace = []\n                try:\n                    for frame in st_value:\n                        line = frame.get(\"lineNumber\", \"\")\n                        file = frame.get(\"fileName\", \"<anonymous>\")\n                        if line:\n                            file = f\"{file}:{line}\"\n                        meth = frame.get(\"methodName\", \"<anonymous>\")\n                        if \"className\" in frame:\n                            meth = \"{}.{}\".format(frame[\"className\"], meth)\n                        msg = \"    at %s (%s)\"\n                        msg = msg % (meth, file)\n                        stacktrace.append(msg)\n                except TypeError:\n                    pass\n        if exception_class == UnexpectedAlertPresentException:\n            alert_text = None\n            if \"data\" in value:\n                alert_text = value[\"data\"].get(\"text\")\n            elif \"alert\" in value:\n                alert_text = value[\"alert\"].get(\"text\")\n            raise exception_class(message, screen, stacktrace, alert_text)  # type: ignore[call-arg]  # mypy is not smart enough here\n>       raise exception_class(message, screen, stacktrace)\nE       selenium.common.exceptions.MoveTargetOutOfBoundsException: Message: (841, 722) is out of bounds of viewport width (1280) and height (610)\nE       Stacktrace:\nE       RemoteError@chrome://remote/content/shared/RemoteError.sys.mjs:8:8\nE       WebDriverError@chrome://remote/content/shared/webdriver/Errors.sys.mjs:182:5\nE       MoveTargetOutOfBoundsError@chrome://remote/content/shared/webdriver/Errors.sys.mjs:372:5\nE       assertInViewPort@chrome://remote/content/marionette/action.sys.mjs:2113:11\nE       dispatch@chrome://remote/content/marionette/action.sys.mjs:1011:21\nE       dispatch/pendingEvents<@chrome://remote/content/marionette/action.sys.mjs:1827:14\nE       dispatch@chrome://remote/content/marionette/action.sys.mjs:1826:39\nE       dispatch/chainEvents<@chrome://remote/content/marionette/action.sys.mjs:1753:27\nE       dispatch@chrome://remote/content/marionette/action.sys.mjs:1755:7\nE       performActions@chrome://remote/content/marionette/actors/MarionetteCommandsChild.sys.mjs:472:23\nE       receiveMessage@chrome://remote/content/marionette/actors/MarionetteCommandsChild.sys.mjs:139:31\n\n../../../opt/anaconda3/lib/python3.9/site-packages/selenium/webdriver/remote/errorhandler.py:249: MoveTargetOutOfBoundsException"}, "steps": [{"name": "Открываю страницу", "status": "passed", "parameters": [{"name": "browser", "value": "<selenium.webdriver.remote.webdriver.WebDriver (session=\"2a3fed31-5109-4d62-b635-abfb2e3ba5f5\")>"}], "start": 1677581651532, "stop": 1677581654040}, {"name": "Авторизуюсь на странице администратора", "status": "passed", "steps": [{"name": "Заполняю поле Username значением 'user'", "status": "passed", "steps": [{"name": "Жду элемент ('name', 'username')", "status": "passed", "parameters": [{"name": "locator", "value": "('name', 'username')"}], "start": 1677581654040, "stop": 1677581654615}, {"name": "Ввожу 'user' в элемент <selenium.webdriver.remote.webelement.WebElement (session=\"2a3fed31-5109-4d62-b635-abfb2e3ba5f5\", element=\"369f4483-ed90-4ea3-9d9d-28a396e5fa2a\")>", "status": "passed", "steps": [{"name": "Кликаю по элементу <selenium.webdriver.remote.webelement.WebElement (session=\"2a3fed31-5109-4d62-b635-abfb2e3ba5f5\", element=\"369f4483-ed90-4ea3-9d9d-28a396e5fa2a\")>", "status": "passed", "parameters": [{"name": "element", "value": "<selenium.webdriver.remote.webelement.WebElement (session=\"2a3fed31-5109-4d62-b635-abfb2e3ba5f5\", element=\"369f4483-ed90-4ea3-9d9d-28a396e5fa2a\")>"}], "start": 1677581654616, "stop": 1677581655358}], "parameters": [{"name": "element", "value": "<selenium.webdriver.remote.webelement.WebElement (session=\"2a3fed31-5109-4d62-b635-abfb2e3ba5f5\", element=\"369f4483-ed90-4ea3-9d9d-28a396e5fa2a\")>"}, {"name": "value", "value": "'user'"}], "start": 1677581654615, "stop": 1677581655513}], "parameters": [{"name": "username", "value": "'user'"}], "start": 1677581654040, "stop": 1677581655513}, {"name": "Заполняю поле Password значением 'bitnami'", "status": "passed", "steps": [{"name": "Жду элемент ('css selector', '#input-password')", "status": "passed", "parameters": [{"name": "locator", "value": "('css selector', '#input-password')"}], "start": 1677581655514, "stop": 1677581655619}, {"name": "Ввожу 'bitnami' в элемент <selenium.webdriver.remote.webelement.WebElement (session=\"2a3fed31-5109-4d62-b635-abfb2e3ba5f5\", element=\"74ac51bd-166a-4cfd-ba54-86bbb2dfc626\")>", "status": "passed", "steps": [{"name": "Кликаю по элементу <selenium.webdriver.remote.webelement.WebElement (session=\"2a3fed31-5109-4d62-b635-abfb2e3ba5f5\", element=\"74ac51bd-166a-4cfd-ba54-86bbb2dfc626\")>", "status": "passed", "parameters": [{"name": "element", "value": "<selenium.webdriver.remote.webelement.WebElement (session=\"2a3fed31-5109-4d62-b635-abfb2e3ba5f5\", element=\"74ac51bd-166a-4cfd-ba54-86bbb2dfc626\")>"}], "start": 1677581655620, "stop": 1677581656105}], "parameters": [{"name": "element", "value": "<selenium.webdriver.remote.webelement.WebElement (session=\"2a3fed31-5109-4d62-b635-abfb2e3ba5f5\", element=\"74ac51bd-166a-4cfd-ba54-86bbb2dfc626\")>"}, {"name": "value", "value": "'bitnami'"}], "start": 1677581655619, "stop": 1677581656755}], "parameters": [{"name": "password", "value": "'bitnami'"}], "start": 1677581655513, "stop": 1677581656755}, {"name": "Нажимаю кнопку Login", "status": "passed", "steps": [{"name": "Жду элемент ('css selector', \"button[type='submit']\")", "status": "passed", "parameters": [{"name": "locator", "value": "('css selector', \"button[type='submit']\")"}], "start": 1677581656755, "stop": 1677581656965}, {"name": "Кликаю по элементу <selenium.webdriver.remote.webelement.WebElement (session=\"2a3fed31-5109-4d62-b635-abfb2e3ba5f5\", element=\"d0195ae2-0e02-4a72-8049-b6858073824d\")>", "status": "passed", "parameters": [{"name": "element", "value": "<selenium.webdriver.remote.webelement.WebElement (session=\"2a3fed31-5109-4d62-b635-abfb2e3ba5f5\", element=\"d0195ae2-0e02-4a72-8049-b6858073824d\")>"}], "start": 1677581656965, "stop": 1677581657976}], "start": 1677581656755, "stop": 1677581657977}], "start": 1677581654040, "stop": 1677581657977}, {"name": "Открываю раздел добавления нового товара", "status": "passed", "steps": [{"name": "Жду элемент ('xpath', '//ul[@id=\"menu\"]/li/a[contains(text(), \"Catalog\")]')", "status": "passed", "parameters": [{"name": "locator", "value": "('xpath', '//ul[@id=\"menu\"]/li/a[contains(text(), \"Catalog\")]')"}], "start": 1677581657977, "stop": 1677581660189}, {"name": "Кликаю по элементу <selenium.webdriver.remote.webelement.WebElement (session=\"2a3fed31-5109-4d62-b635-abfb2e3ba5f5\", element=\"5d760f02-927b-4afd-a359-71315ac29131\")>", "status": "passed", "parameters": [{"name": "element", "value": "<selenium.webdriver.remote.webelement.WebElement (session=\"2a3fed31-5109-4d62-b635-abfb2e3ba5f5\", element=\"5d760f02-927b-4afd-a359-71315ac29131\")>"}], "start": 1677581660189, "stop": 1677581661377}, {"name": "Жду элемент ('xpath', '//ul[@id=\"collapse1\"]/li/a[contains(text(), \"Products\")]')", "status": "passed", "parameters": [{"name": "locator", "value": "('xpath', '//ul[@id=\"collapse1\"]/li/a[contains(text(), \"Products\")]')"}], "start": 1677581661377, "stop": 1677581662149}, {"name": "Кликаю по элементу <selenium.webdriver.remote.webelement.WebElement (session=\"2a3fed31-5109-4d62-b635-abfb2e3ba5f5\", element=\"d4c65115-b201-46df-978f-03ff71c5928a\")>", "status": "passed", "parameters": [{"name": "element", "value": "<selenium.webdriver.remote.webelement.WebElement (session=\"2a3fed31-5109-4d62-b635-abfb2e3ba5f5\", element=\"d4c65115-b201-46df-978f-03ff71c5928a\")>"}], "start": 1677581662149, "stop": 1677581662741}], "start": 1677581657977, "stop": 1677581662741}, {"name": "Добавляю новый товар", "status": "broken", "statusDetails": {"message": "selenium.common.exceptions.MoveTargetOutOfBoundsException: Message: (841, 722) is out of bounds of viewport width (1280) and height (610)\nStacktrace:\nRemoteError@chrome://remote/content/shared/RemoteError.sys.mjs:8:8\nWebDriverError@chrome://remote/content/shared/webdriver/Errors.sys.mjs:182:5\nMoveTargetOutOfBoundsError@chrome://remote/content/shared/webdriver/Errors.sys.mjs:372:5\nassertInViewPort@chrome://remote/content/marionette/action.sys.mjs:2113:11\ndispatch@chrome://remote/content/marionette/action.sys.mjs:1011:21\ndispatch/pendingEvents<@chrome://remote/content/marionette/action.sys.mjs:1827:14\ndispatch@chrome://remote/content/marionette/action.sys.mjs:1826:39\ndispatch/chainEvents<@chrome://remote/content/marionette/action.sys.mjs:1753:27\ndispatch@chrome://remote/content/marionette/action.sys.mjs:1755:7\nperformActions@chrome://remote/content/marionette/actors/MarionetteCommandsChild.sys.mjs:472:23\nreceiveMessage@chrome://remote/content/marionette/actors/MarionetteCommandsChild.sys.mjs:139:31\n\n", "trace": "  File \"/Users/user/opt/anaconda3/lib/python3.9/site-packages/allure_commons/_allure.py\", line 192, in impl\n    return func(*a, **kw)\n  File \"/Users/user/Documents/auto-web-qa/homework12/page_objects/AdminPage.py\", line 92, in add_new_product\n    self.meta_tag_title_fill(\"123\")\n  File \"/Users/user/opt/anaconda3/lib/python3.9/site-packages/allure_commons/_allure.py\", line 192, in impl\n    return func(*a, **kw)\n  File \"/Users/user/Documents/auto-web-qa/homework12/page_objects/AdminPage.py\", line 70, in meta_tag_title_fill\n    self._input(self.element(self.META_TAG_TITLE), meta_tag_title)\n  File \"/Users/user/opt/anaconda3/lib/python3.9/site-packages/allure_commons/_allure.py\", line 192, in impl\n    return func(*a, **kw)\n  File \"/Users/user/Documents/auto-web-qa/homework12/page_objects/BasePage.py\", line 40, in _input\n    self.click(element)\n  File \"/Users/user/opt/anaconda3/lib/python3.9/site-packages/allure_commons/_allure.py\", line 192, in impl\n    return func(*a, **kw)\n  File \"/Users/user/Documents/auto-web-qa/homework12/page_objects/BasePage.py\", line 35, in click\n    ActionChains(self.driver).move_to_element(element).pause(0.1).click().perform()\n  File \"/Users/user/opt/anaconda3/lib/python3.9/site-packages/selenium/webdriver/common/action_chains.py\", line 78, in perform\n    self.w3c_actions.perform()\n  File \"/Users/user/opt/anaconda3/lib/python3.9/site-packages/selenium/webdriver/common/actions/action_builder.py\", line 91, in perform\n    self.driver.execute(Command.W3C_ACTIONS, enc)\n  File \"/Users/user/opt/anaconda3/lib/python3.9/site-packages/selenium/webdriver/remote/webdriver.py\", line 444, in execute\n    self.error_handler.check_response(response)\n  File \"/Users/user/opt/anaconda3/lib/python3.9/site-packages/selenium/webdriver/remote/errorhandler.py\", line 249, in check_response\n    raise exception_class(message, screen, stacktrace)\n"}, "steps": [{"name": "Жду элемент ('css selector', 'i.fa.fa-plus')", "status": "passed", "parameters": [{"name": "locator", "value": "('css selector', 'i.fa.fa-plus')"}], "start": 1677581662741, "stop": 1677581667199}, {"name": "Кликаю по элементу <selenium.webdriver.remote.webelement.WebElement (session=\"2a3fed31-5109-4d62-b635-abfb2e3ba5f5\", element=\"c0a72c6c-185d-48ab-bfde-e63c56fa917a\")>", "status": "passed", "parameters": [{"name": "element", "value": "<selenium.webdriver.remote.webelement.WebElement (session=\"2a3fed31-5109-4d62-b635-abfb2e3ba5f5\", element=\"c0a72c6c-185d-48ab-bfde-e63c56fa917a\")>"}], "start": 1677581667200, "stop": 1677581667712}, {"name": "Заполняю поле Product Name значением 'TestProduct'", "status": "passed", "steps": [{"name": "Жду элемент ('id', 'input-name1')", "status": "passed", "parameters": [{"name": "locator", "value": "('id', 'input-name1')"}], "start": 1677581667713, "stop": 1677581670180}, {"name": "Ввожу 'TestProduct' в элемент <selenium.webdriver.remote.webelement.WebElement (session=\"2a3fed31-5109-4d62-b635-abfb2e3ba5f5\", element=\"0fbb0c23-7e07-4910-a208-15ad6e3d94c9\")>", "status": "passed", "steps": [{"name": "Кликаю по элементу <selenium.webdriver.remote.webelement.WebElement (session=\"2a3fed31-5109-4d62-b635-abfb2e3ba5f5\", element=\"0fbb0c23-7e07-4910-a208-15ad6e3d94c9\")>", "status": "passed", "parameters": [{"name": "element", "value": "<selenium.webdriver.remote.webelement.WebElement (session=\"2a3fed31-5109-4d62-b635-abfb2e3ba5f5\", element=\"0fbb0c23-7e07-4910-a208-15ad6e3d94c9\")>"}], "start": 1677581670182, "stop": 1677581670851}], "parameters": [{"name": "element", "value": "<selenium.webdriver.remote.webelement.WebElement (session=\"2a3fed31-5109-4d62-b635-abfb2e3ba5f5\", element=\"0fbb0c23-7e07-4910-a208-15ad6e3d94c9\")>"}, {"name": "value", "value": "'TestProduct'"}], "start": 1677581670180, "stop": 1677581671006}], "parameters": [{"name": "product_name", "value": "'TestProduct'"}], "start": 1677581667713, "stop": 1677581671006}, {"name": "Заполняю поле Meta Tag Title значением '123'", "status": "broken", "statusDetails": {"message": "selenium.common.exceptions.MoveTargetOutOfBoundsException: Message: (841, 722) is out of bounds of viewport width (1280) and height (610)\nStacktrace:\nRemoteError@chrome://remote/content/shared/RemoteError.sys.mjs:8:8\nWebDriverError@chrome://remote/content/shared/webdriver/Errors.sys.mjs:182:5\nMoveTargetOutOfBoundsError@chrome://remote/content/shared/webdriver/Errors.sys.mjs:372:5\nassertInViewPort@chrome://remote/content/marionette/action.sys.mjs:2113:11\ndispatch@chrome://remote/content/marionette/action.sys.mjs:1011:21\ndispatch/pendingEvents<@chrome://remote/content/marionette/action.sys.mjs:1827:14\ndispatch@chrome://remote/content/marionette/action.sys.mjs:1826:39\ndispatch/chainEvents<@chrome://remote/content/marionette/action.sys.mjs:1753:27\ndispatch@chrome://remote/content/marionette/action.sys.mjs:1755:7\nperformActions@chrome://remote/content/marionette/actors/MarionetteCommandsChild.sys.mjs:472:23\nreceiveMessage@chrome://remote/content/marionette/actors/MarionetteCommandsChild.sys.mjs:139:31\n\n", "trace": "  File \"/Users/user/opt/anaconda3/lib/python3.9/site-packages/allure_commons/_allure.py\", line 192, in impl\n    return func(*a, **kw)\n  File \"/Users/user/Documents/auto-web-qa/homework12/page_objects/AdminPage.py\", line 70, in meta_tag_title_fill\n    self._input(self.element(self.META_TAG_TITLE), meta_tag_title)\n  File \"/Users/user/opt/anaconda3/lib/python3.9/site-packages/allure_commons/_allure.py\", line 192, in impl\n    return func(*a, **kw)\n  File \"/Users/user/Documents/auto-web-qa/homework12/page_objects/BasePage.py\", line 40, in _input\n    self.click(element)\n  File \"/Users/user/opt/anaconda3/lib/python3.9/site-packages/allure_commons/_allure.py\", line 192, in impl\n    return func(*a, **kw)\n  File \"/Users/user/Documents/auto-web-qa/homework12/page_objects/BasePage.py\", line 35, in click\n    ActionChains(self.driver).move_to_element(element).pause(0.1).click().perform()\n  File \"/Users/user/opt/anaconda3/lib/python3.9/site-packages/selenium/webdriver/common/action_chains.py\", line 78, in perform\n    self.w3c_actions.perform()\n  File \"/Users/user/opt/anaconda3/lib/python3.9/site-packages/selenium/webdriver/common/actions/action_builder.py\", line 91, in perform\n    self.driver.execute(Command.W3C_ACTIONS, enc)\n  File \"/Users/user/opt/anaconda3/lib/python3.9/site-packages/selenium/webdriver/remote/webdriver.py\", line 444, in execute\n    self.error_handler.check_response(response)\n  File \"/Users/user/opt/anaconda3/lib/python3.9/site-packages/selenium/webdriver/remote/errorhandler.py\", line 249, in check_response\n    raise exception_class(message, screen, stacktrace)\n"}, "steps": [{"name": "Жду элемент ('id', 'input-meta-title1')", "status": "passed", "parameters": [{"name": "locator", "value": "('id', 'input-meta-title1')"}], "start": 1677581671006, "stop": 1677581671112}, {"name": "Ввожу '123' в элемент <selenium.webdriver.remote.webelement.WebElement (session=\"2a3fed31-5109-4d62-b635-abfb2e3ba5f5\", element=\"59d4e587-ddd2-49d3-aa2a-c6609d0caf73\")>", "status": "broken", "statusDetails": {"message": "selenium.common.exceptions.MoveTargetOutOfBoundsException: Message: (841, 722) is out of bounds of viewport width (1280) and height (610)\nStacktrace:\nRemoteError@chrome://remote/content/shared/RemoteError.sys.mjs:8:8\nWebDriverError@chrome://remote/content/shared/webdriver/Errors.sys.mjs:182:5\nMoveTargetOutOfBoundsError@chrome://remote/content/shared/webdriver/Errors.sys.mjs:372:5\nassertInViewPort@chrome://remote/content/marionette/action.sys.mjs:2113:11\ndispatch@chrome://remote/content/marionette/action.sys.mjs:1011:21\ndispatch/pendingEvents<@chrome://remote/content/marionette/action.sys.mjs:1827:14\ndispatch@chrome://remote/content/marionette/action.sys.mjs:1826:39\ndispatch/chainEvents<@chrome://remote/content/marionette/action.sys.mjs:1753:27\ndispatch@chrome://remote/content/marionette/action.sys.mjs:1755:7\nperformActions@chrome://remote/content/marionette/actors/MarionetteCommandsChild.sys.mjs:472:23\nreceiveMessage@chrome://remote/content/marionette/actors/MarionetteCommandsChild.sys.mjs:139:31\n\n", "trace": "  File \"/Users/user/opt/anaconda3/lib/python3.9/site-packages/allure_commons/_allure.py\", line 192, in impl\n    return func(*a, **kw)\n  File \"/Users/user/Documents/auto-web-qa/homework12/page_objects/BasePage.py\", line 40, in _input\n    self.click(element)\n  File \"/Users/user/opt/anaconda3/lib/python3.9/site-packages/allure_commons/_allure.py\", line 192, in impl\n    return func(*a, **kw)\n  File \"/Users/user/Documents/auto-web-qa/homework12/page_objects/BasePage.py\", line 35, in click\n    ActionChains(self.driver).move_to_element(element).pause(0.1).click().perform()\n  File \"/Users/user/opt/anaconda3/lib/python3.9/site-packages/selenium/webdriver/common/action_chains.py\", line 78, in perform\n    self.w3c_actions.perform()\n  File \"/Users/user/opt/anaconda3/lib/python3.9/site-packages/selenium/webdriver/common/actions/action_builder.py\", line 91, in perform\n    self.driver.execute(Command.W3C_ACTIONS, enc)\n  File \"/Users/user/opt/anaconda3/lib/python3.9/site-packages/selenium/webdriver/remote/webdriver.py\", line 444, in execute\n    self.error_handler.check_response(response)\n  File \"/Users/user/opt/anaconda3/lib/python3.9/site-packages/selenium/webdriver/remote/errorhandler.py\", line 249, in check_response\n    raise exception_class(message, screen, stacktrace)\n"}, "steps": [{"name": "Кликаю по элементу <selenium.webdriver.remote.webelement.WebElement (session=\"2a3fed31-5109-4d62-b635-abfb2e3ba5f5\", element=\"59d4e587-ddd2-49d3-aa2a-c6609d0caf73\")>", "status": "broken", "statusDetails": {"message": "selenium.common.exceptions.MoveTargetOutOfBoundsException: Message: (841, 722) is out of bounds of viewport width (1280) and height (610)\nStacktrace:\nRemoteError@chrome://remote/content/shared/RemoteError.sys.mjs:8:8\nWebDriverError@chrome://remote/content/shared/webdriver/Errors.sys.mjs:182:5\nMoveTargetOutOfBoundsError@chrome://remote/content/shared/webdriver/Errors.sys.mjs:372:5\nassertInViewPort@chrome://remote/content/marionette/action.sys.mjs:2113:11\ndispatch@chrome://remote/content/marionette/action.sys.mjs:1011:21\ndispatch/pendingEvents<@chrome://remote/content/marionette/action.sys.mjs:1827:14\ndispatch@chrome://remote/content/marionette/action.sys.mjs:1826:39\ndispatch/chainEvents<@chrome://remote/content/marionette/action.sys.mjs:1753:27\ndispatch@chrome://remote/content/marionette/action.sys.mjs:1755:7\nperformActions@chrome://remote/content/marionette/actors/MarionetteCommandsChild.sys.mjs:472:23\nreceiveMessage@chrome://remote/content/marionette/actors/MarionetteCommandsChild.sys.mjs:139:31\n\n", "trace": "  File \"/Users/user/opt/anaconda3/lib/python3.9/site-packages/allure_commons/_allure.py\", line 192, in impl\n    return func(*a, **kw)\n  File \"/Users/user/Documents/auto-web-qa/homework12/page_objects/BasePage.py\", line 35, in click\n    ActionChains(self.driver).move_to_element(element).pause(0.1).click().perform()\n  File \"/Users/user/opt/anaconda3/lib/python3.9/site-packages/selenium/webdriver/common/action_chains.py\", line 78, in perform\n    self.w3c_actions.perform()\n  File \"/Users/user/opt/anaconda3/lib/python3.9/site-packages/selenium/webdriver/common/actions/action_builder.py\", line 91, in perform\n    self.driver.execute(Command.W3C_ACTIONS, enc)\n  File \"/Users/user/opt/anaconda3/lib/python3.9/site-packages/selenium/webdriver/remote/webdriver.py\", line 444, in execute\n    self.error_handler.check_response(response)\n  File \"/Users/user/opt/anaconda3/lib/python3.9/site-packages/selenium/webdriver/remote/errorhandler.py\", line 249, in check_response\n    raise exception_class(message, screen, stacktrace)\n"}, "parameters": [{"name": "element", "value": "<selenium.webdriver.remote.webelement.WebElement (session=\"2a3fed31-5109-4d62-b635-abfb2e3ba5f5\", element=\"59d4e587-ddd2-49d3-aa2a-c6609d0caf73\")>"}], "start": 1677581671112, "stop": 1677581671143}], "parameters": [{"name": "element", "value": "<selenium.webdriver.remote.webelement.WebElement (session=\"2a3fed31-5109-4d62-b635-abfb2e3ba5f5\", element=\"59d4e587-ddd2-49d3-aa2a-c6609d0caf73\")>"}, {"name": "value", "value": "'123'"}], "start": 1677581671112, "stop": 1677581671144}], "parameters": [{"name": "meta_tag_title", "value": "'123'"}], "start": 1677581671006, "stop": 1677581671144}], "start": 1677581662741, "stop": 1677581671146}], "attachments": [{"name": "log", "source": "4217be6a-d457-4e55-8fdd-9ea757337e98-attachment.txt", "type": "text/plain"}], "start": 1677581651531, "stop": 1677581671147, "uuid": "f012c9dd-c146-440a-98dc-c5db71f61a0f", "historyId": "862c3a232b093a5c213628703ffe4560", "testCaseId": "6a13b7973e3b2215380302b91e71518c", "fullName": "tests.test_admin_page#test_add_new_product", "labels": [{"name": "feature", "value": "Действия на странице администратора"}, {"name": "severity", "value": "normal"}, {"name": "parentSuite", "value": "tests"}, {"name": "suite", "value": "test_admin_page"}, {"name": "host", "value": "users-MacBook-Air.local"}, {"name": "thread", "value": "4194-MainThread"}, {"name": "framework", "value": "pytest"}, {"name": "language", "value": "cpython3"}, {"name": "package", "value": "tests.test_admin_page"}]}